INFO:__main__:Starting ML Recommendation Service...
/Users/anshu/Downloads/projects/e-com/ml-service/venv/lib/python3.14/site-packages/sklearn/base.py:463: InconsistentVersionWarning: Trying to unpickle estimator TfidfTransformer from version 1.6.1 when using version 1.8.0. This might lead to breaking code or invalid results. Use at your own risk. For more info please refer to:
https://scikit-learn.org/stable/model_persistence.html#security-maintainability-limitations
  warnings.warn(
/Users/anshu/Downloads/projects/e-com/ml-service/venv/lib/python3.14/site-packages/sklearn/base.py:463: InconsistentVersionWarning: Trying to unpickle estimator TfidfVectorizer from version 1.6.1 when using version 1.8.0. This might lead to breaking code or invalid results. Use at your own risk. For more info please refer to:
https://scikit-learn.org/stable/model_persistence.html#security-maintainability-limitations
  warnings.warn(
INFO:__main__:Model loaded successfully with 55 products
 * Serving Flask app 'app'
 * Debug mode: on
INFO:werkzeug:[31m[1mWARNING: This is a development server. Do not use it in a production deployment. Use a production WSGI server instead.[0m
 * Running on all addresses (0.0.0.0)
 * Running on http://127.0.0.1:10000
 * Running on http://172.20.10.5:10000
INFO:werkzeug:[33mPress CTRL+C to quit[0m
INFO:werkzeug: * Restarting with stat
INFO:__main__:Starting ML Recommendation Service...
/Users/anshu/Downloads/projects/e-com/ml-service/venv/lib/python3.14/site-packages/sklearn/base.py:463: InconsistentVersionWarning: Trying to unpickle estimator TfidfTransformer from version 1.6.1 when using version 1.8.0. This might lead to breaking code or invalid results. Use at your own risk. For more info please refer to:
https://scikit-learn.org/stable/model_persistence.html#security-maintainability-limitations
  warnings.warn(
/Users/anshu/Downloads/projects/e-com/ml-service/venv/lib/python3.14/site-packages/sklearn/base.py:463: InconsistentVersionWarning: Trying to unpickle estimator TfidfVectorizer from version 1.6.1 when using version 1.8.0. This might lead to breaking code or invalid results. Use at your own risk. For more info please refer to:
https://scikit-learn.org/stable/model_persistence.html#security-maintainability-limitations
  warnings.warn(
INFO:__main__:Model loaded successfully with 55 products
WARNING:werkzeug: * Debugger is active!
INFO:werkzeug: * Debugger PIN: 896-571-074
Traceback (most recent call last):
  File "/Users/anshu/Downloads/projects/e-com/ml-service/app.py", line 330, in <module>
    app.run(host='0.0.0.0', port=10000, debug=True)
    ~~~~~~~^^^^^^^^^^^^^^^^^^^^^^^^^^^^^^^^^^^^^^^
  File "/Users/anshu/Downloads/projects/e-com/ml-service/venv/lib/python3.14/site-packages/flask/app.py", line 612, in run
    run_simple(t.cast(str, host), port, self, **options)
    ~~~~~~~~~~^^^^^^^^^^^^^^^^^^^^^^^^^^^^^^^^^^^^^^^^^^
  File "/Users/anshu/Downloads/projects/e-com/ml-service/venv/lib/python3.14/site-packages/werkzeug/serving.py", line 1115, in run_simple
    run_with_reloader(
    ~~~~~~~~~~~~~~~~~^
        srv.serve_forever,
        ^^^^^^^^^^^^^^^^^^
    ...<3 lines>...
        reloader_type=reloader_type,
        ^^^^^^^^^^^^^^^^^^^^^^^^^^^^
    )
    ^
  File "/Users/anshu/Downloads/projects/e-com/ml-service/venv/lib/python3.14/site-packages/werkzeug/_reloader.py", line 453, in run_with_reloader
    ensure_echo_on()
    ~~~~~~~~~~~~~~^^
  File "/Users/anshu/Downloads/projects/e-com/ml-service/venv/lib/python3.14/site-packages/werkzeug/_reloader.py", line 433, in ensure_echo_on
    termios.tcsetattr(sys.stdin, termios.TCSANOW, attributes)
    ~~~~~~~~~~~~~~~~~^^^^^^^^^^^^^^^^^^^^^^^^^^^^^^^^^^^^^^^^
termios.error: (4, 'Interrupted system call')
